\BOOKMARK [2][-]{subsection.0.1}{Citations To Include}{}% 1
\BOOKMARK [1][-]{section.1}{Method}{}% 2
\BOOKMARK [2][-]{subsection.1.1}{Mellin Transform}{section.1}% 3
\BOOKMARK [2][-]{subsection.1.2}{Ramanujan Master Theorem \(RMT\)}{section.1}% 4
\BOOKMARK [2][-]{subsection.1.3}{Highly Generalised Functions}{section.1}% 5
\BOOKMARK [3][-]{subsubsection.1.3.1}{Euler Hypergeometric Function}{subsection.1.3}% 6
\BOOKMARK [3][-]{subsubsection.1.3.2}{Barnes Integrals}{subsection.1.3}% 7
\BOOKMARK [2][-]{subsection.1.4}{Table of Functions Using \040Notation}{section.1}% 8
\BOOKMARK [1][-]{section.2}{Mellin Transforms of Hierarchy of Functions}{}% 9
\BOOKMARK [2][-]{subsection.2.1}{Multivariate Functions}{section.2}% 10
\BOOKMARK [3][-]{subsubsection.2.1.1}{Appell F1 Function}{subsection.2.1}% 11
\BOOKMARK [3][-]{subsubsection.2.1.2}{Gauss Hypergeometric to Lauricella Function in N-D}{subsection.2.1}% 12
\BOOKMARK [2][-]{subsection.2.2}{Test}{section.2}% 13
\BOOKMARK [3][-]{subsubsection.2.2.1}{1D- Exponential}{subsection.2.2}% 14
\BOOKMARK [3][-]{subsubsection.2.2.2}{Replacement Rules}{subsection.2.2}% 15
\BOOKMARK [3][-]{subsubsection.2.2.3}{Note:}{subsection.2.2}% 16
\BOOKMARK [3][-]{subsubsection.2.2.4}{Example: Multivariate Hypergeometric Function}{subsection.2.2}% 17
\BOOKMARK [2][-]{subsection.2.3}{Multivariate Generalisations of Functions}{section.2}% 18
\BOOKMARK [2][-]{subsection.2.4}{Conclusions from Generalised functions}{section.2}% 19
\BOOKMARK [1][-]{section.3}{Multiple Dimensions}{}% 20
\BOOKMARK [2][-]{subsubsection.3.0.1}{Multivariate Moment Functional}{section.3}% 21
\BOOKMARK [2][-]{subsection.3.1}{Multivariate Mellin Transform}{section.3}% 22
\BOOKMARK [2][-]{subsection.3.2}{Generalised RMT \(GRMT\)}{section.3}% 23
\BOOKMARK [1][-]{section.4}{Multidimensional Hypergeometric Series}{}% 24
\BOOKMARK [1][-]{section.5}{Extracting the Moments from a Generalised Probability Distribution}{}% 25
\BOOKMARK [2][-]{subsubsection.5.0.1}{Generalised Distribution}{section.5}% 26
\BOOKMARK [2][-]{subsection.5.1}{A Form for }{section.5}% 27
\BOOKMARK [1][-]{section.6}{Training}{}% 28
\BOOKMARK [2][-]{subsection.6.1}{Extracting Moments}{section.6}% 29
\BOOKMARK [2][-]{subsection.6.2}{Extracting Variances}{section.6}% 30
\BOOKMARK [3][-]{subsubsection.6.2.1}{Many Variables}{subsection.6.2}% 31
\BOOKMARK [2][-]{subsection.6.3}{Upsilon Mapping}{section.6}% 32
\BOOKMARK [2][-]{subsection.6.4}{Extracting Functions}{section.6}% 33
\BOOKMARK [2][-]{subsection.6.5}{Re-predicting Variables}{section.6}% 34
\BOOKMARK [2][-]{subsection.6.6}{A prediction Example}{section.6}% 35
\BOOKMARK [2][-]{subsection.6.7}{Rationale}{section.6}% 36
\BOOKMARK [1][-]{section.7}{Generalisation}{}% 37
\BOOKMARK [1][-]{section.8}{An Example}{}% 38
\BOOKMARK [1][-]{section.9}{Multidimensional Generalised Hypergeometric Function}{}% 39
\BOOKMARK [1][-]{section.10}{Multi-Dimensional Meijer G Function}{}% 40
\BOOKMARK [1][-]{section.11}{References}{}% 41
